<?xml version="1.0" encoding="UTF-8"?>
<!-- Generated by org.testng.reporters.JUnitReportReporter -->
<testsuite hostname="P5RO-PORT1256" failures="0" tests="1" name="ProductChekoutTest" time="30.825" errors="0"
           timestamp="2019-09-18T16:36:57 EEST" skipped="0">
    <testcase classname="ProductChekoutTest" name="ProductCheckout" time="30.825"/>
</testsuite> <!-- ProductChekoutTest -->
