<?xml version="1.0" encoding="UTF-8"?>
<!-- Generated by org.testng.reporters.JUnitReportReporter -->
<testsuite hostname="P5RO-PORT1256" failures="0" tests="4" name="LoginTests" time="80.299" errors="0"
           timestamp="2019-09-18T16:36:57 EEST" skipped="0">
    <testcase classname="LoginTests" name="ValidLogin" time="24.522"/>
    <testcase classname="LoginTests" name="UserRegistration" time="23.147"/>
    <testcase classname="LoginTests" name="InvalidLogin" time="16.454"/>
    <testcase classname="LoginTests" name="ForgotPassword" time="16.176"/>
</testsuite> <!-- LoginTests -->
