<?xml version="1.0" encoding="UTF-8"?>
<!-- Generated by org.testng.reporters.JUnitReportReporter -->
<testsuite hostname="P5RO-PORT1256" failures="0" tests="1" name="SearchTests" time="17.112" errors="0"
           timestamp="2019-09-18T16:36:57 EEST" skipped="0">
    <testcase classname="SearchTests" name="SearchByAutocomplete" time="17.112"/>
</testsuite> <!-- SearchTests -->
