<?xml version="1.0" encoding="UTF-8"?>
<!-- Generated by org.testng.reporters.JUnitReportReporter -->
<testsuite hostname="P5RO-PORT1256" failures="0" tests="1" name="ProductChekoutTest" time="30.731" errors="0" timestamp="18 Sep 2019 08:53:32 GMT" skipped="0">
  <testcase classname="ProductChekoutTest" name="ProductCheckout" time="30.731"/>
</testsuite> <!-- ProductChekoutTest -->
