<?xml version="1.0" encoding="UTF-8"?>
<!-- Generated by org.testng.reporters.JUnitReportReporter -->
<testsuite hostname="P5RO-PORT1256" failures="0" tests="4" name="LoginTests" time="72.232" errors="0" timestamp="18 Sep 2019 08:53:33 GMT" skipped="0">
  <testcase classname="LoginTests" name="UserRegistration" time="20.220"/>
  <testcase classname="LoginTests" name="ValidLogin" time="18.432"/>
  <testcase classname="LoginTests" name="ForgotPassword" time="17.500"/>
  <testcase classname="LoginTests" name="InvalidLogin" time="16.080"/>
</testsuite> <!-- LoginTests -->
